<?xml version="1.0" encoding="UTF-8"?>
<!-- Generated by org.testng.reporters.JUnitReportReporter -->
<testsuite hostname="HGAJJELA02" failures="0" tests="1" name="dockerTests.FirefoxTest4" time="10.757" errors="0" timestamp="2020-11-07T22:55:13 IST" skipped="0">
  <testcase classname="dockerTests.FirefoxTest4" name="test4" time="10.757"/>
  <system-out/>
</testsuite> <!-- dockerTests.FirefoxTest4 -->
