<?xml version="1.0" encoding="UTF-8"?>
<!-- Generated by org.testng.reporters.JUnitReportReporter -->
<testsuite hostname="HGAJJELA02" failures="0" tests="1" name="docker.Kubernestes_ChromeTest" time="9.767" errors="0" timestamp="2020-10-16T18:40:47 IST" skipped="0">
  <testcase classname="docker.Kubernestes_ChromeTest" name="test" time="9.767"/>
  <system-out/>
</testsuite> <!-- docker.Kubernestes_ChromeTest -->
