<?xml version="1.0" encoding="UTF-8"?>
<!-- Generated by org.testng.reporters.JUnitReportReporter -->
<testsuite hostname="HGAJJELA02" failures="0" tests="1" name="dockerTests.ChromeTest1" time="8.046" errors="0" timestamp="2020-11-07T22:55:13 IST" skipped="0">
  <testcase classname="dockerTests.ChromeTest1" name="test" time="8.046"/>
  <system-out/>
</testsuite> <!-- dockerTests.ChromeTest1 -->
