<?xml version="1.0" encoding="UTF-8"?>
<!-- Generated by org.testng.reporters.JUnitReportReporter -->
<testsuite hostname="HGAJJELA02" failures="0" tests="1" name="docker.ChromeTest1" time="5.826" errors="0" timestamp="2020-10-11T23:23:54 IST" skipped="0">
  <testcase classname="docker.ChromeTest1" name="test" time="5.826"/>
  <system-out/>
</testsuite> <!-- docker.ChromeTest1 -->
