<?xml version="1.0" encoding="UTF-8"?>
<!-- Generated by org.testng.reporters.JUnitReportReporter -->
<testsuite hostname="HGAJJELA02" failures="0" tests="1" name="docker.ChromeTest1" time="16.565" errors="0" timestamp="2020-10-15T00:48:06 IST" skipped="0">
  <testcase classname="docker.ChromeTest1" name="test" time="16.565"/>
  <system-out/>
</testsuite> <!-- docker.ChromeTest1 -->
