<?xml version="1.0" encoding="UTF-8"?>
<!-- Generated by org.testng.reporters.JUnitReportReporter -->
<testsuite hostname="HGAJJELA02" failures="0" tests="1" name="docker.FirefoxTest4" time="11.139" errors="0" timestamp="2020-10-12T00:12:39 IST" skipped="0">
  <testcase classname="docker.FirefoxTest4" name="test4" time="11.139"/>
  <system-out/>
</testsuite> <!-- docker.FirefoxTest4 -->
