<?xml version="1.0" encoding="UTF-8"?>
<!-- Generated by org.testng.reporters.JUnitReportReporter -->
<testsuite hostname="HGAJJELA02" failures="0" tests="1" name="docker.ChromeTest2" time="2.261" errors="0" timestamp="2020-10-11T22:16:51 IST" skipped="0">
  <testcase classname="docker.ChromeTest2" name="test2" time="2.261"/>
  <system-out/>
</testsuite> <!-- docker.ChromeTest2 -->
