<?xml version="1.0" encoding="UTF-8"?>
<!-- Generated by org.testng.reporters.JUnitReportReporter -->
<testsuite hostname="HGAJJELA02" failures="0" tests="1" name="docker.ChromeTest3" time="2.978" errors="0" timestamp="2020-10-11T22:16:51 IST" skipped="0">
  <testcase classname="docker.ChromeTest3" name="test3" time="2.978"/>
  <system-out/>
</testsuite> <!-- docker.ChromeTest3 -->
