<?xml version="1.0" encoding="UTF-8"?>
<!-- Generated by org.testng.reporters.JUnitReportReporter -->
<testsuite hostname="HGAJJELA02" failures="0" tests="2" name="docker.SetupDockerGrid" time="10.104" errors="0" timestamp="2020-10-11T23:17:03 IST" skipped="0">
  <testcase classname="docker.SetupDockerGrid" name="StartDockerGrid" time="5.037"/>
  <system-out/>
  <testcase classname="docker.SetupDockerGrid" name="StopDockerGrid" time="5.067"/>
  <system-out/>
</testsuite> <!-- docker.SetupDockerGrid -->
